Run finished Sat 05/30/2026 11:17:57.20 
Run finished Mon 06/01/2026  6:39:27.73 
Run finished Tue 06/02/2026  6:05:10.48 
Run finished Wed 06/03/2026  9:22:12.96 
Run finished Thu 06/04/2026  6:06:53.28 
Run finished Sun 06/07/2026 17:41:50.67 
Run finished Mon 06/08/2026  7:19:16.11 
Run finished Tue 06/09/2026  6:45:49.78 
Run finished Tue 06/23/2026  8:04:53.43 
Run finished Wed 06/24/2026  6:01:16.60 
Run finished Fri 06/26/2026  8:03:24.95 
Run finished Sat 06/27/2026  6:01:20.95 
Run finished Sun 06/28/2026 18:11:31.61 
Run finished Mon 06/29/2026  8:16:42.22 
Run finished Tue 06/30/2026  6:01:22.03 
Run finished Wed 07/01/2026  6:01:26.01 
Run finished Thu 07/02/2026  6:00:03.16 
Run finished Fri 07/03/2026  8:17:23.31 
Run finished Mon 07/06/2026  9:55:41.97 
Run finished Tue 07/07/2026  6:01:26.14 
Run finished Wed 07/08/2026  6:01:33.02 
Run finished Thu 07/09/2026  6:01:31.96 
